<?xml version="1.0" encoding="UTF-8"?>
<!-- Generated by org.testng.reporters.JUnitReportReporter -->
<testsuite hostname="Uday" failures="0" tests="1" name="com.w2a.rough.TestCase" time="0.017" errors="0" timestamp="2021-02-12T18:22:10 IST" skipped="0">
  <testcase classname="com.w2a.rough.TestCase" name="readPropertiesFile" time="0.017"/>
  <system-out/>
</testsuite> <!-- com.w2a.rough.TestCase -->
