<?xml version="1.0" encoding="UTF-8"?>
<!-- Generated by org.testng.reporters.JUnitReportReporter -->
<testsuite hostname="Uday" failures="0" tests="2" name="com.w2a.rough.TestCase" time="48.065" errors="0" timestamp="2021-02-12T17:46:18 IST" skipped="0">
  <testcase classname="com.w2a.rough.TestCase" name="demoTest" time="28.511"/>
  <system-out/>
  <testcase classname="com.w2a.rough.TestCase" name="demoTest2" time="19.554"/>
  <system-out/>
</testsuite> <!-- com.w2a.rough.TestCase -->
